<?xml version="1.0" encoding="UTF-8"?>
<!-- Generated by org.testng.reporters.JUnitReportReporter -->
<testsuite hostname="DELL-PC" name="com.index.GeneralIndex" tests="1" failures="0" timestamp="25 Oct 2018 10:25:58 GMT" time="792.871" errors="0">
  <testcase name="TC_DB_01" time="792.871" classname="com.index.GeneralIndex"/>
</testsuite> <!-- com.index.GeneralIndex -->
