<?xml version="1.0" encoding="UTF-8"?>
<!-- Generated by org.testng.reporters.JUnitReportReporter -->
<testsuite hostname="DELL-PC" name="com.index.GeneralIndex" tests="1" failures="0" timestamp="20 Sep 2018 11:39:23 GMT" time="63.863" errors="0">
  <testcase name="register_med_max" time="63.863" classname="com.index.GeneralIndex"/>
</testsuite> <!-- com.index.GeneralIndex -->
