<?xml version="1.0" encoding="UTF-8"?>
<!-- Generated by org.testng.reporters.JUnitReportReporter -->
<testsuite hostname="DELL-PC" name="com.index.GeneralIndex" tests="1" failures="0" timestamp="11 Oct 2018 12:40:26 GMT" time="722.416" errors="0">
  <testcase name="TC_DB_01" time="722.416" classname="com.index.GeneralIndex"/>
</testsuite> <!-- com.index.GeneralIndex -->
